Determining if the pthread_create exist failed with the following output:
<<<<<<< refs/remotes/origin/master
Change Dir: /home/nanorobot/baebot_ws/build/CMakeFiles/CMakeTmp

Run Build Command:"/usr/bin/make" "cmTC_0878f/fast"
/usr/bin/make -f CMakeFiles/cmTC_0878f.dir/build.make CMakeFiles/cmTC_0878f.dir/build
make[1]: Entering directory '/home/nanorobot/baebot_ws/build/CMakeFiles/CMakeTmp'
Building C object CMakeFiles/cmTC_0878f.dir/CheckSymbolExists.c.o
/usr/bin/cc    -o CMakeFiles/cmTC_0878f.dir/CheckSymbolExists.c.o   -c /home/nanorobot/baebot_ws/build/CMakeFiles/CMakeTmp/CheckSymbolExists.c
Linking C executable cmTC_0878f
/usr/bin/cmake -E cmake_link_script CMakeFiles/cmTC_0878f.dir/link.txt --verbose=1
/usr/bin/cc      -rdynamic CMakeFiles/cmTC_0878f.dir/CheckSymbolExists.c.o  -o cmTC_0878f 
CMakeFiles/cmTC_0878f.dir/CheckSymbolExists.c.o: In function `main':
CheckSymbolExists.c:(.text+0x14): undefined reference to `pthread_create'
CheckSymbolExists.c:(.text+0x18): undefined reference to `pthread_create'
collect2: error: ld returned 1 exit status
CMakeFiles/cmTC_0878f.dir/build.make:97: recipe for target 'cmTC_0878f' failed
make[1]: *** [cmTC_0878f] Error 1
make[1]: Leaving directory '/home/nanorobot/baebot_ws/build/CMakeFiles/CMakeTmp'
Makefile:126: recipe for target 'cmTC_0878f/fast' failed
make: *** [cmTC_0878f/fast] Error 2

File /home/nanorobot/baebot_ws/build/CMakeFiles/CMakeTmp/CheckSymbolExists.c:
=======
Change Dir: /home/kyle/baebot_ws/build/CMakeFiles/CMakeTmp

Run Build Command:"/usr/bin/make" "cmTC_b5679/fast"
/usr/bin/make -f CMakeFiles/cmTC_b5679.dir/build.make CMakeFiles/cmTC_b5679.dir/build
make[1]: Entering directory '/home/kyle/baebot_ws/build/CMakeFiles/CMakeTmp'
Building C object CMakeFiles/cmTC_b5679.dir/CheckSymbolExists.c.o
/usr/bin/cc    -o CMakeFiles/cmTC_b5679.dir/CheckSymbolExists.c.o   -c /home/kyle/baebot_ws/build/CMakeFiles/CMakeTmp/CheckSymbolExists.c
Linking C executable cmTC_b5679
/usr/bin/cmake -E cmake_link_script CMakeFiles/cmTC_b5679.dir/link.txt --verbose=1
/usr/bin/cc      -rdynamic CMakeFiles/cmTC_b5679.dir/CheckSymbolExists.c.o  -o cmTC_b5679 
CMakeFiles/cmTC_b5679.dir/CheckSymbolExists.c.o: In function `main':
CheckSymbolExists.c:(.text+0x1b): undefined reference to `pthread_create'
collect2: error: ld returned 1 exit status
CMakeFiles/cmTC_b5679.dir/build.make:97: recipe for target 'cmTC_b5679' failed
make[1]: *** [cmTC_b5679] Error 1
make[1]: Leaving directory '/home/kyle/baebot_ws/build/CMakeFiles/CMakeTmp'
Makefile:126: recipe for target 'cmTC_b5679/fast' failed
make: *** [cmTC_b5679/fast] Error 2

File /home/kyle/baebot_ws/build/CMakeFiles/CMakeTmp/CheckSymbolExists.c:
>>>>>>> fix
/* */
#include <pthread.h>

int main(int argc, char** argv)
{
  (void)argv;
#ifndef pthread_create
  return ((int*)(&pthread_create))[argc];
#else
  (void)argc;
  return 0;
#endif
}

Determining if the function pthread_create exists in the pthreads failed with the following output:
<<<<<<< refs/remotes/origin/master
Change Dir: /home/nanorobot/baebot_ws/build/CMakeFiles/CMakeTmp

Run Build Command:"/usr/bin/make" "cmTC_1244c/fast"
/usr/bin/make -f CMakeFiles/cmTC_1244c.dir/build.make CMakeFiles/cmTC_1244c.dir/build
make[1]: Entering directory '/home/nanorobot/baebot_ws/build/CMakeFiles/CMakeTmp'
Building C object CMakeFiles/cmTC_1244c.dir/CheckFunctionExists.c.o
/usr/bin/cc   -DCHECK_FUNCTION_EXISTS=pthread_create   -o CMakeFiles/cmTC_1244c.dir/CheckFunctionExists.c.o   -c /usr/share/cmake-3.10/Modules/CheckFunctionExists.c
Linking C executable cmTC_1244c
/usr/bin/cmake -E cmake_link_script CMakeFiles/cmTC_1244c.dir/link.txt --verbose=1
/usr/bin/cc  -DCHECK_FUNCTION_EXISTS=pthread_create    -rdynamic CMakeFiles/cmTC_1244c.dir/CheckFunctionExists.c.o  -o cmTC_1244c -lpthreads 
/usr/bin/ld: cannot find -lpthreads
collect2: error: ld returned 1 exit status
CMakeFiles/cmTC_1244c.dir/build.make:97: recipe for target 'cmTC_1244c' failed
make[1]: *** [cmTC_1244c] Error 1
make[1]: Leaving directory '/home/nanorobot/baebot_ws/build/CMakeFiles/CMakeTmp'
Makefile:126: recipe for target 'cmTC_1244c/fast' failed
make: *** [cmTC_1244c/fast] Error 2
=======
Change Dir: /home/kyle/baebot_ws/build/CMakeFiles/CMakeTmp

Run Build Command:"/usr/bin/make" "cmTC_7f9b2/fast"
/usr/bin/make -f CMakeFiles/cmTC_7f9b2.dir/build.make CMakeFiles/cmTC_7f9b2.dir/build
make[1]: Entering directory '/home/kyle/baebot_ws/build/CMakeFiles/CMakeTmp'
Building C object CMakeFiles/cmTC_7f9b2.dir/CheckFunctionExists.c.o
/usr/bin/cc   -DCHECK_FUNCTION_EXISTS=pthread_create   -o CMakeFiles/cmTC_7f9b2.dir/CheckFunctionExists.c.o   -c /usr/share/cmake-3.10/Modules/CheckFunctionExists.c
Linking C executable cmTC_7f9b2
/usr/bin/cmake -E cmake_link_script CMakeFiles/cmTC_7f9b2.dir/link.txt --verbose=1
/usr/bin/cc  -DCHECK_FUNCTION_EXISTS=pthread_create    -rdynamic CMakeFiles/cmTC_7f9b2.dir/CheckFunctionExists.c.o  -o cmTC_7f9b2 -lpthreads 
/usr/bin/ld: cannot find -lpthreads
collect2: error: ld returned 1 exit status
CMakeFiles/cmTC_7f9b2.dir/build.make:97: recipe for target 'cmTC_7f9b2' failed
make[1]: *** [cmTC_7f9b2] Error 1
make[1]: Leaving directory '/home/kyle/baebot_ws/build/CMakeFiles/CMakeTmp'
Makefile:126: recipe for target 'cmTC_7f9b2/fast' failed
make: *** [cmTC_7f9b2/fast] Error 2
>>>>>>> fix


